{"nbformat":4,"nbformat_minor":0,"metadata":{"colab":{"name":"LSTM","provenance":[],"collapsed_sections":[],"authorship_tag":"ABX9TyPSgsJZ+cKLovqy9TU2mvoN"},"kernelspec":{"name":"python3","display_name":"Python 3"},"accelerator":"GPU"},"cells":[{"cell_type":"code","metadata":{"id":"xG68johftTUp","colab_type":"code","colab":{"base_uri":"https://localhost:8080/","height":1000},"executionInfo":{"status":"ok","timestamp":1600095907781,"user_tz":-330,"elapsed":1409,"user":{"displayName":"JAY SHAH","photoUrl":"","userId":"13504679010207240037"}},"outputId":"19465095-af89-4106-e210-40c3b7973939"},"source":["!pip list"],"execution_count":12,"outputs":[{"output_type":"stream","text":["Package                       Version        \n","----------------------------- ---------------\n","absl-py                       0.8.1          \n","alabaster                     0.7.12         \n","albumentations                0.1.12         \n","altair                        4.1.0          \n","argon2-cffi                   20.1.0         \n","asgiref                       3.2.10         \n","astor                         0.8.1          \n","astropy                       4.0.1.post1    \n","astunparse                    1.6.3          \n","atari-py                      0.2.6          \n","atomicwrites                  1.4.0          \n","attrs                         20.1.0         \n","audioread                     2.1.8          \n","autograd                      1.3            \n","Babel                         2.8.0          \n","backcall                      0.2.0          \n","beautifulsoup4                4.6.3          \n","bleach                        3.1.5          \n","blis                          0.4.1          \n","bokeh                         2.1.1          \n","boto                          2.49.0         \n","boto3                         1.14.48        \n","botocore                      1.17.48        \n","Bottleneck                    1.3.2          \n","branca                        0.4.1          \n","bs4                           0.0.1          \n","CacheControl                  0.12.6         \n","cachetools                    4.1.1          \n","catalogue                     1.0.0          \n","certifi                       2020.6.20      \n","cffi                          1.14.2         \n","chainer                       7.4.0          \n","chardet                       3.0.4          \n","click                         7.1.2          \n","cloudpickle                   1.3.0          \n","cmake                         3.12.0         \n","cmdstanpy                     0.4.0          \n","colorlover                    0.3.0          \n","community                     1.0.0b1        \n","contextlib2                   0.5.5          \n","convertdate                   2.2.1          \n","coverage                      3.7.1          \n","coveralls                     0.5            \n","crcmod                        1.7            \n","cufflinks                     0.17.3         \n","cupy-cuda101                  7.4.0          \n","cvxopt                        1.2.5          \n","cvxpy                         1.0.31         \n","cycler                        0.10.0         \n","cymem                         2.0.3          \n","Cython                        0.29.21        \n","daft                          0.0.4          \n","dask                          2.12.0         \n","dataclasses                   0.7            \n","datascience                   0.10.6         \n","debugpy                       1.0.0rc2       \n","decorator                     4.4.2          \n","defusedxml                    0.6.0          \n","descartes                     1.1.0          \n","dill                          0.3.2          \n","distributed                   1.25.3         \n","Django                        3.1            \n","dlib                          19.18.0        \n","dm-tree                       0.1.5          \n","docopt                        0.6.2          \n","docutils                      0.15.2         \n","dopamine-rl                   1.0.5          \n","earthengine-api               0.1.232        \n","easydict                      1.9            \n","ecos                          2.0.7.post1    \n","editdistance                  0.5.3          \n","en-core-web-sm                2.2.5          \n","entrypoints                   0.3            \n","ephem                         3.7.7.1        \n","et-xmlfile                    1.0.1          \n","fa2                           0.3.5          \n","fancyimpute                   0.4.3          \n","fastai                        1.0.61         \n","fastdtw                       0.3.4          \n","fastprogress                  1.0.0          \n","fastrlock                     0.5            \n","fbprophet                     0.6            \n","feather-format                0.4.1          \n","filelock                      3.0.12         \n","firebase-admin                4.1.0          \n","fix-yahoo-finance             0.0.22         \n","Flask                         1.1.2          \n","folium                        0.8.3          \n","future                        0.16.0         \n","gast                          0.3.3          \n","GDAL                          2.2.2          \n","gdown                         3.6.4          \n","gensim                        3.6.0          \n","geographiclib                 1.50           \n","geopy                         1.17.0         \n","gin-config                    0.3.0          \n","glob2                         0.7            \n","google                        2.0.3          \n","google-api-core               1.16.0         \n","google-api-python-client      1.7.12         \n","google-auth                   1.17.2         \n","google-auth-httplib2          0.0.4          \n","google-auth-oauthlib          0.4.1          \n","google-cloud-bigquery         1.21.0         \n","google-cloud-core             1.0.3          \n","google-cloud-datastore        1.8.0          \n","google-cloud-firestore        1.7.0          \n","google-cloud-language         1.2.0          \n","google-cloud-storage          1.18.1         \n","google-cloud-translate        1.5.0          \n","google-colab                  1.0.0          \n","google-pasta                  0.2.0          \n","google-resumable-media        0.4.1          \n","googleapis-common-protos      1.52.0         \n","googledrivedownloader         0.4            \n","graphviz                      0.10.1         \n","grpcio                        1.31.0         \n","gspread                       3.0.1          \n","gspread-dataframe             3.0.8          \n","gym                           0.17.2         \n","h5py                          2.10.0         \n","HeapDict                      1.0.1          \n","holidays                      0.9.12         \n","holoviews                     1.13.3         \n","html5lib                      1.0.1          \n","httpimport                    0.5.18         \n","httplib2                      0.17.4         \n","httplib2shim                  0.0.3          \n","humanize                      0.5.1          \n","hyperopt                      0.1.2          \n","ideep4py                      2.0.0.post3    \n","idna                          2.10           \n","image                         1.5.32         \n","imageio                       2.4.1          \n","imagesize                     1.2.0          \n","imbalanced-learn              0.4.3          \n","imblearn                      0.0            \n","imgaug                        0.2.9          \n","importlib-metadata            1.7.0          \n","imutils                       0.5.3          \n","inflect                       2.1.0          \n","iniconfig                     1.0.1          \n","intel-openmp                  2020.0.133     \n","intervaltree                  2.1.0          \n","ipykernel                     4.10.1         \n","ipython                       5.5.0          \n","ipython-genutils              0.2.0          \n","ipython-sql                   0.3.9          \n","ipywidgets                    7.5.1          \n","itsdangerous                  1.1.0          \n","jax                           0.1.75         \n","jaxlib                        0.1.52         \n","jdcal                         1.4.1          \n","jedi                          0.17.2         \n","jieba                         0.42.1         \n","Jinja2                        2.11.2         \n","jmespath                      0.10.0         \n","joblib                        0.16.0         \n","jpeg4py                       0.1.4          \n","jsonschema                    2.6.0          \n","jupyter                       1.0.0          \n","jupyter-client                5.3.5          \n","jupyter-console               5.2.0          \n","jupyter-core                  4.6.3          \n","kaggle                        1.5.6          \n","kapre                         0.1.3.1        \n","Keras                         2.4.3          \n","Keras-Applications            1.0.8          \n","Keras-Preprocessing           1.1.2          \n","keras-vis                     0.4.1          \n","kiwisolver                    1.2.0          \n","knnimpute                     0.1.0          \n","librosa                       0.6.3          \n","lightgbm                      2.2.3          \n","llvmlite                      0.31.0         \n","lmdb                          0.99           \n","lucid                         0.3.8          \n","LunarCalendar                 0.0.9          \n","lxml                          4.2.6          \n","Markdown                      3.2.2          \n","MarkupSafe                    1.1.1          \n","matplotlib                    3.2.2          \n","matplotlib-venn               0.11.5         \n","missingno                     0.4.2          \n","mistune                       0.8.4          \n","mizani                        0.6.0          \n","mkl                           2019.0         \n","mlxtend                       0.14.0         \n","more-itertools                8.4.0          \n","moviepy                       0.2.3.5        \n","mpmath                        1.1.0          \n","msgpack                       1.0.0          \n","multiprocess                  0.70.10        \n","multitasking                  0.0.9          \n","murmurhash                    1.0.2          \n","music21                       5.5.0          \n","natsort                       5.5.0          \n","nbconvert                     5.6.1          \n","nbformat                      5.0.7          \n","networkx                      2.5            \n","nibabel                       3.0.2          \n","nltk                          3.2.5          \n","notebook                      5.3.1          \n","np-utils                      0.5.12.1       \n","numba                         0.48.0         \n","numexpr                       2.7.1          \n","numpy                         1.18.5         \n","nvidia-ml-py3                 7.352.0        \n","oauth2client                  4.1.3          \n","oauthlib                      3.1.0          \n","okgrade                       0.4.3          \n","opencv-contrib-python         4.1.2.30       \n","opencv-python                 4.1.2.30       \n","openpyxl                      2.5.9          \n","opt-einsum                    3.3.0          \n","osqp                          0.6.1          \n","packaging                     20.4           \n","palettable                    3.3.0          \n","pandas                        1.0.5          \n","pandas-datareader             0.8.1          \n","pandas-gbq                    0.11.0         \n","pandas-profiling              1.4.1          \n","pandocfilters                 1.4.2          \n","panel                         0.9.7          \n","param                         1.9.3          \n","parso                         0.7.1          \n","pathlib                       1.0.1          \n","patsy                         0.5.1          \n","pexpect                       4.8.0          \n","pickleshare                   0.7.5          \n","Pillow                        7.0.0          \n","pip                           19.3.1         \n","pip-tools                     4.5.1          \n","plac                          1.1.3          \n","plotly                        4.4.1          \n","plotnine                      0.6.0          \n","pluggy                        0.7.1          \n","portpicker                    1.3.1          \n","prefetch-generator            1.0.1          \n","preshed                       3.0.2          \n","prettytable                   0.7.2          \n","progressbar2                  3.38.0         \n","prometheus-client             0.8.0          \n","promise                       2.3            \n","prompt-toolkit                1.0.18         \n","protobuf                      3.12.4         \n","psutil                        5.4.8          \n","psycopg2                      2.7.6.1        \n","ptyprocess                    0.6.0          \n","py                            1.9.0          \n","pyarrow                       0.14.1         \n","pyasn1                        0.4.8          \n","pyasn1-modules                0.2.8          \n","pycocotools                   2.0.1          \n","pycparser                     2.20           \n","pyct                          0.4.6          \n","pydata-google-auth            1.1.0          \n","pydot                         1.3.0          \n","pydot-ng                      2.0.0          \n","pydotplus                     2.0.2          \n","PyDrive                       1.3.1          \n","pyemd                         0.5.1          \n","pyglet                        1.5.0          \n","Pygments                      2.1.3          \n","pygobject                     3.26.1         \n","pymc3                         3.7            \n","PyMeeus                       0.3.7          \n","pymongo                       3.11.0         \n","pymystem3                     0.2.0          \n","PyOpenGL                      3.1.5          \n","pyparsing                     2.4.7          \n","pyrsistent                    0.16.0         \n","pysndfile                     1.3.8          \n","PySocks                       1.7.1          \n","pystan                        2.19.1.1       \n","pytest                        3.6.4          \n","python-apt                    1.6.5+ubuntu0.3\n","python-chess                  0.23.11        \n","python-dateutil               2.8.1          \n","python-louvain                0.14           \n","python-slugify                4.0.1          \n","python-utils                  2.4.0          \n","pytz                          2018.9         \n","pyviz-comms                   0.7.6          \n","PyWavelets                    1.1.1          \n","PyYAML                        3.13           \n","pyzmq                         19.0.2         \n","qtconsole                     4.7.6          \n","QtPy                          1.9.0          \n","regex                         2019.12.20     \n","requests                      2.23.0         \n","requests-oauthlib             1.3.0          \n","resampy                       0.2.2          \n","retrying                      1.3.3          \n","rpy2                          3.2.7          \n","rsa                           4.6            \n","s3transfer                    0.3.3          \n","scikit-image                  0.16.2         \n","scikit-learn                  0.22.2.post1   \n","scipy                         1.4.1          \n","screen-resolution-extra       0.0.0          \n","scs                           2.1.2          \n","seaborn                       0.10.1         \n","Send2Trash                    1.5.0          \n","setuptools                    49.6.0         \n","setuptools-git                1.2            \n","Shapely                       1.7.1          \n","simplegeneric                 0.8.1          \n","six                           1.15.0         \n","sklearn                       0.0            \n","sklearn-pandas                1.8.0          \n","smart-open                    2.1.0          \n","snowballstemmer               2.0.0          \n","sortedcontainers              2.2.2          \n","spacy                         2.2.4          \n","Sphinx                        1.8.5          \n","sphinxcontrib-serializinghtml 1.1.4          \n","sphinxcontrib-websupport      1.2.4          \n","SQLAlchemy                    1.3.19         \n","sqlparse                      0.3.1          \n","srsly                         1.0.2          \n","statsmodels                   0.10.2         \n","sympy                         1.1.1          \n","tables                        3.4.4          \n","tabulate                      0.8.7          \n","tblib                         1.7.0          \n","tensorboard                   2.3.0          \n","tensorboard-plugin-wit        1.7.0          \n","tensorboardcolab              0.0.22         \n","tensorflow                    2.3.0          \n","tensorflow-addons             0.8.3          \n","tensorflow-datasets           2.1.0          \n","tensorflow-estimator          2.3.0          \n","tensorflow-gcs-config         2.3.0          \n","tensorflow-gpu                1.15.0         \n","tensorflow-hub                0.9.0          \n","tensorflow-metadata           0.23.0         \n","tensorflow-privacy            0.2.2          \n","tensorflow-probability        0.11.0         \n","termcolor                     1.1.0          \n","terminado                     0.8.3          \n","testpath                      0.4.4          \n","text-unidecode                1.3            \n","textblob                      0.15.3         \n","textgenrnn                    1.4.1          \n","Theano                        1.0.5          \n","thinc                         7.4.0          \n","tifffile                      2020.8.25      \n","toml                          0.10.1         \n","toolz                         0.10.0         \n","torch                         1.6.0+cu101    \n","torchsummary                  1.5.1          \n","torchtext                     0.3.1          \n","torchvision                   0.7.0+cu101    \n","tornado                       5.1.1          \n","tqdm                          4.41.1         \n","traitlets                     4.3.3          \n","tweepy                        3.6.0          \n","typeguard                     2.7.1          \n","typing-extensions             3.7.4.3        \n","tzlocal                       1.5.1          \n","umap-learn                    0.4.6          \n","uritemplate                   3.0.1          \n","urllib3                       1.24.3         \n","vega-datasets                 0.8.0          \n","wasabi                        0.7.1          \n","wcwidth                       0.2.5          \n","webencodings                  0.5.1          \n","Werkzeug                      1.0.1          \n","wheel                         0.35.1         \n","widgetsnbextension            3.5.1          \n","wordcloud                     1.5.0          \n","wrapt                         1.12.1         \n","xarray                        0.15.1         \n","xgboost                       0.90           \n","xkit                          0.0.0          \n","xlrd                          1.1.0          \n","xlwt                          1.3.0          \n","yellowbrick                   0.9.1          \n","zict                          2.0.0          \n","zipp                          3.1.0          \n"],"name":"stdout"}]},{"cell_type":"code","metadata":{"id":"KPShaEpvquoz","colab_type":"code","colab":{},"executionInfo":{"status":"ok","timestamp":1600095582933,"user_tz":-330,"elapsed":942,"user":{"displayName":"JAY SHAH","photoUrl":"","userId":"13504679010207240037"}}},"source":["import pandas as pd\n","import numpy as np\n"],"execution_count":1,"outputs":[]},{"cell_type":"code","metadata":{"id":"CgXlHzV9qyZq","colab_type":"code","colab":{"resources":{"http://localhost:8080/nbextensions/google.colab/files.js":{"data":"Ly8gQ29weXJpZ2h0IDIwMTcgR29vZ2xlIExMQwovLwovLyBMaWNlbnNlZCB1bmRlciB0aGUgQXBhY2hlIExpY2Vuc2UsIFZlcnNpb24gMi4wICh0aGUgIkxpY2Vuc2UiKTsKLy8geW91IG1heSBub3QgdXNlIHRoaXMgZmlsZSBleGNlcHQgaW4gY29tcGxpYW5jZSB3aXRoIHRoZSBMaWNlbnNlLgovLyBZb3UgbWF5IG9idGFpbiBhIGNvcHkgb2YgdGhlIExpY2Vuc2UgYXQKLy8KLy8gICAgICBodHRwOi8vd3d3LmFwYWNoZS5vcmcvbGljZW5zZXMvTElDRU5TRS0yLjAKLy8KLy8gVW5sZXNzIHJlcXVpcmVkIGJ5IGFwcGxpY2FibGUgbGF3IG9yIGFncmVlZCB0byBpbiB3cml0aW5nLCBzb2Z0d2FyZQovLyBkaXN0cmlidXRlZCB1bmRlciB0aGUgTGljZW5zZSBpcyBkaXN0cmlidXRlZCBvbiBhbiAiQVMgSVMiIEJBU0lTLAovLyBXSVRIT1VUIFdBUlJBTlRJRVMgT1IgQ09ORElUSU9OUyBPRiBBTlkgS0lORCwgZWl0aGVyIGV4cHJlc3Mgb3IgaW1wbGllZC4KLy8gU2VlIHRoZSBMaWNlbnNlIGZvciB0aGUgc3BlY2lmaWMgbGFuZ3VhZ2UgZ292ZXJuaW5nIHBlcm1pc3Npb25zIGFuZAovLyBsaW1pdGF0aW9ucyB1bmRlciB0aGUgTGljZW5zZS4KCi8qKgogKiBAZmlsZW92ZXJ2aWV3IEhlbHBlcnMgZm9yIGdvb2dsZS5jb2xhYiBQeXRob24gbW9kdWxlLgogKi8KKGZ1bmN0aW9uKHNjb3BlKSB7CmZ1bmN0aW9uIHNwYW4odGV4dCwgc3R5bGVBdHRyaWJ1dGVzID0ge30pIHsKICBjb25zdCBlbGVtZW50ID0gZG9jdW1lbnQuY3JlYXRlRWxlbWVudCgnc3BhbicpOwogIGVsZW1lbnQudGV4dENvbnRlbnQgPSB0ZXh0OwogIGZvciAoY29uc3Qga2V5IG9mIE9iamVjdC5rZXlzKHN0eWxlQXR0cmlidXRlcykpIHsKICAgIGVsZW1lbnQuc3R5bGVba2V5XSA9IHN0eWxlQXR0cmlidXRlc1trZXldOwogIH0KICByZXR1cm4gZWxlbWVudDsKfQoKLy8gTWF4IG51bWJlciBvZiBieXRlcyB3aGljaCB3aWxsIGJlIHVwbG9hZGVkIGF0IGEgdGltZS4KY29uc3QgTUFYX1BBWUxPQURfU0laRSA9IDEwMCAqIDEwMjQ7CgpmdW5jdGlvbiBfdXBsb2FkRmlsZXMoaW5wdXRJZCwgb3V0cHV0SWQpIHsKICBjb25zdCBzdGVwcyA9IHVwbG9hZEZpbGVzU3RlcChpbnB1dElkLCBvdXRwdXRJZCk7CiAgY29uc3Qgb3V0cHV0RWxlbWVudCA9IGRvY3VtZW50LmdldEVsZW1lbnRCeUlkKG91dHB1dElkKTsKICAvLyBDYWNoZSBzdGVwcyBvbiB0aGUgb3V0cHV0RWxlbWVudCB0byBtYWtlIGl0IGF2YWlsYWJsZSBmb3IgdGhlIG5leHQgY2FsbAogIC8vIHRvIHVwbG9hZEZpbGVzQ29udGludWUgZnJvbSBQeXRob24uCiAgb3V0cHV0RWxlbWVudC5zdGVwcyA9IHN0ZXBzOwoKICByZXR1cm4gX3VwbG9hZEZpbGVzQ29udGludWUob3V0cHV0SWQpOwp9CgovLyBUaGlzIGlzIHJvdWdobHkgYW4gYXN5bmMgZ2VuZXJhdG9yIChub3Qgc3VwcG9ydGVkIGluIHRoZSBicm93c2VyIHlldCksCi8vIHdoZXJlIHRoZXJlIGFyZSBtdWx0aXBsZSBhc3luY2hyb25vdXMgc3RlcHMgYW5kIHRoZSBQeXRob24gc2lkZSBpcyBnb2luZwovLyB0byBwb2xsIGZvciBjb21wbGV0aW9uIG9mIGVhY2ggc3RlcC4KLy8gVGhpcyB1c2VzIGEgUHJvbWlzZSB0byBibG9jayB0aGUgcHl0aG9uIHNpZGUgb24gY29tcGxldGlvbiBvZiBlYWNoIHN0ZXAsCi8vIHRoZW4gcGFzc2VzIHRoZSByZXN1bHQgb2YgdGhlIHByZXZpb3VzIHN0ZXAgYXMgdGhlIGlucHV0IHRvIHRoZSBuZXh0IHN0ZXAuCmZ1bmN0aW9uIF91cGxvYWRGaWxlc0NvbnRpbnVlKG91dHB1dElkKSB7CiAgY29uc3Qgb3V0cHV0RWxlbWVudCA9IGRvY3VtZW50LmdldEVsZW1lbnRCeUlkKG91dHB1dElkKTsKICBjb25zdCBzdGVwcyA9IG91dHB1dEVsZW1lbnQuc3RlcHM7CgogIGNvbnN0IG5leHQgPSBzdGVwcy5uZXh0KG91dHB1dEVsZW1lbnQubGFzdFByb21pc2VWYWx1ZSk7CiAgcmV0dXJuIFByb21pc2UucmVzb2x2ZShuZXh0LnZhbHVlLnByb21pc2UpLnRoZW4oKHZhbHVlKSA9PiB7CiAgICAvLyBDYWNoZSB0aGUgbGFzdCBwcm9taXNlIHZhbHVlIHRvIG1ha2UgaXQgYXZhaWxhYmxlIHRvIHRoZSBuZXh0CiAgICAvLyBzdGVwIG9mIHRoZSBnZW5lcmF0b3IuCiAgICBvdXRwdXRFbGVtZW50Lmxhc3RQcm9taXNlVmFsdWUgPSB2YWx1ZTsKICAgIHJldHVybiBuZXh0LnZhbHVlLnJlc3BvbnNlOwogIH0pOwp9CgovKioKICogR2VuZXJhdG9yIGZ1bmN0aW9uIHdoaWNoIGlzIGNhbGxlZCBiZXR3ZWVuIGVhY2ggYXN5bmMgc3RlcCBvZiB0aGUgdXBsb2FkCiAqIHByb2Nlc3MuCiAqIEBwYXJhbSB7c3RyaW5nfSBpbnB1dElkIEVsZW1lbnQgSUQgb2YgdGhlIGlucHV0IGZpbGUgcGlja2VyIGVsZW1lbnQuCiAqIEBwYXJhbSB7c3RyaW5nfSBvdXRwdXRJZCBFbGVtZW50IElEIG9mIHRoZSBvdXRwdXQgZGlzcGxheS4KICogQHJldHVybiB7IUl0ZXJhYmxlPCFPYmplY3Q+fSBJdGVyYWJsZSBvZiBuZXh0IHN0ZXBzLgogKi8KZnVuY3Rpb24qIHVwbG9hZEZpbGVzU3RlcChpbnB1dElkLCBvdXRwdXRJZCkgewogIGNvbnN0IGlucHV0RWxlbWVudCA9IGRvY3VtZW50LmdldEVsZW1lbnRCeUlkKGlucHV0SWQpOwogIGlucHV0RWxlbWVudC5kaXNhYmxlZCA9IGZhbHNlOwoKICBjb25zdCBvdXRwdXRFbGVtZW50ID0gZG9jdW1lbnQuZ2V0RWxlbWVudEJ5SWQob3V0cHV0SWQpOwogIG91dHB1dEVsZW1lbnQuaW5uZXJIVE1MID0gJyc7CgogIGNvbnN0IHBpY2tlZFByb21pc2UgPSBuZXcgUHJvbWlzZSgocmVzb2x2ZSkgPT4gewogICAgaW5wdXRFbGVtZW50LmFkZEV2ZW50TGlzdGVuZXIoJ2NoYW5nZScsIChlKSA9PiB7CiAgICAgIHJlc29sdmUoZS50YXJnZXQuZmlsZXMpOwogICAgfSk7CiAgfSk7CgogIGNvbnN0IGNhbmNlbCA9IGRvY3VtZW50LmNyZWF0ZUVsZW1lbnQoJ2J1dHRvbicpOwogIGlucHV0RWxlbWVudC5wYXJlbnRFbGVtZW50LmFwcGVuZENoaWxkKGNhbmNlbCk7CiAgY2FuY2VsLnRleHRDb250ZW50ID0gJ0NhbmNlbCB1cGxvYWQnOwogIGNvbnN0IGNhbmNlbFByb21pc2UgPSBuZXcgUHJvbWlzZSgocmVzb2x2ZSkgPT4gewogICAgY2FuY2VsLm9uY2xpY2sgPSAoKSA9PiB7CiAgICAgIHJlc29sdmUobnVsbCk7CiAgICB9OwogIH0pOwoKICAvLyBXYWl0IGZvciB0aGUgdXNlciB0byBwaWNrIHRoZSBmaWxlcy4KICBjb25zdCBmaWxlcyA9IHlpZWxkIHsKICAgIHByb21pc2U6IFByb21pc2UucmFjZShbcGlja2VkUHJvbWlzZSwgY2FuY2VsUHJvbWlzZV0pLAogICAgcmVzcG9uc2U6IHsKICAgICAgYWN0aW9uOiAnc3RhcnRpbmcnLAogICAgfQogIH07CgogIGNhbmNlbC5yZW1vdmUoKTsKCiAgLy8gRGlzYWJsZSB0aGUgaW5wdXQgZWxlbWVudCBzaW5jZSBmdXJ0aGVyIHBpY2tzIGFyZSBub3QgYWxsb3dlZC4KICBpbnB1dEVsZW1lbnQuZGlzYWJsZWQgPSB0cnVlOwoKICBpZiAoIWZpbGVzKSB7CiAgICByZXR1cm4gewogICAgICByZXNwb25zZTogewogICAgICAgIGFjdGlvbjogJ2NvbXBsZXRlJywKICAgICAgfQogICAgfTsKICB9CgogIGZvciAoY29uc3QgZmlsZSBvZiBmaWxlcykgewogICAgY29uc3QgbGkgPSBkb2N1bWVudC5jcmVhdGVFbGVtZW50KCdsaScpOwogICAgbGkuYXBwZW5kKHNwYW4oZmlsZS5uYW1lLCB7Zm9udFdlaWdodDogJ2JvbGQnfSkpOwogICAgbGkuYXBwZW5kKHNwYW4oCiAgICAgICAgYCgke2ZpbGUudHlwZSB8fCAnbi9hJ30pIC0gJHtmaWxlLnNpemV9IGJ5dGVzLCBgICsKICAgICAgICBgbGFzdCBtb2RpZmllZDogJHsKICAgICAgICAgICAgZmlsZS5sYXN0TW9kaWZpZWREYXRlID8gZmlsZS5sYXN0TW9kaWZpZWREYXRlLnRvTG9jYWxlRGF0ZVN0cmluZygpIDoKICAgICAgICAgICAgICAgICAgICAgICAgICAgICAgICAgICAgJ24vYSd9IC0gYCkpOwogICAgY29uc3QgcGVyY2VudCA9IHNwYW4oJzAlIGRvbmUnKTsKICAgIGxpLmFwcGVuZENoaWxkKHBlcmNlbnQpOwoKICAgIG91dHB1dEVsZW1lbnQuYXBwZW5kQ2hpbGQobGkpOwoKICAgIGNvbnN0IGZpbGVEYXRhUHJvbWlzZSA9IG5ldyBQcm9taXNlKChyZXNvbHZlKSA9PiB7CiAgICAgIGNvbnN0IHJlYWRlciA9IG5ldyBGaWxlUmVhZGVyKCk7CiAgICAgIHJlYWRlci5vbmxvYWQgPSAoZSkgPT4gewogICAgICAgIHJlc29sdmUoZS50YXJnZXQucmVzdWx0KTsKICAgICAgfTsKICAgICAgcmVhZGVyLnJlYWRBc0FycmF5QnVmZmVyKGZpbGUpOwogICAgfSk7CiAgICAvLyBXYWl0IGZvciB0aGUgZGF0YSB0byBiZSByZWFkeS4KICAgIGxldCBmaWxlRGF0YSA9IHlpZWxkIHsKICAgICAgcHJvbWlzZTogZmlsZURhdGFQcm9taXNlLAogICAgICByZXNwb25zZTogewogICAgICAgIGFjdGlvbjogJ2NvbnRpbnVlJywKICAgICAgfQogICAgfTsKCiAgICAvLyBVc2UgYSBjaHVua2VkIHNlbmRpbmcgdG8gYXZvaWQgbWVzc2FnZSBzaXplIGxpbWl0cy4gU2VlIGIvNjIxMTU2NjAuCiAgICBsZXQgcG9zaXRpb24gPSAwOwogICAgd2hpbGUgKHBvc2l0aW9uIDwgZmlsZURhdGEuYnl0ZUxlbmd0aCkgewogICAgICBjb25zdCBsZW5ndGggPSBNYXRoLm1pbihmaWxlRGF0YS5ieXRlTGVuZ3RoIC0gcG9zaXRpb24sIE1BWF9QQVlMT0FEX1NJWkUpOwogICAgICBjb25zdCBjaHVuayA9IG5ldyBVaW50OEFycmF5KGZpbGVEYXRhLCBwb3NpdGlvbiwgbGVuZ3RoKTsKICAgICAgcG9zaXRpb24gKz0gbGVuZ3RoOwoKICAgICAgY29uc3QgYmFzZTY0ID0gYnRvYShTdHJpbmcuZnJvbUNoYXJDb2RlLmFwcGx5KG51bGwsIGNodW5rKSk7CiAgICAgIHlpZWxkIHsKICAgICAgICByZXNwb25zZTogewogICAgICAgICAgYWN0aW9uOiAnYXBwZW5kJywKICAgICAgICAgIGZpbGU6IGZpbGUubmFtZSwKICAgICAgICAgIGRhdGE6IGJhc2U2NCwKICAgICAgICB9LAogICAgICB9OwogICAgICBwZXJjZW50LnRleHRDb250ZW50ID0KICAgICAgICAgIGAke01hdGgucm91bmQoKHBvc2l0aW9uIC8gZmlsZURhdGEuYnl0ZUxlbmd0aCkgKiAxMDApfSUgZG9uZWA7CiAgICB9CiAgfQoKICAvLyBBbGwgZG9uZS4KICB5aWVsZCB7CiAgICByZXNwb25zZTogewogICAgICBhY3Rpb246ICdjb21wbGV0ZScsCiAgICB9CiAgfTsKfQoKc2NvcGUuZ29vZ2xlID0gc2NvcGUuZ29vZ2xlIHx8IHt9OwpzY29wZS5nb29nbGUuY29sYWIgPSBzY29wZS5nb29nbGUuY29sYWIgfHwge307CnNjb3BlLmdvb2dsZS5jb2xhYi5fZmlsZXMgPSB7CiAgX3VwbG9hZEZpbGVzLAogIF91cGxvYWRGaWxlc0NvbnRpbnVlLAp9Owp9KShzZWxmKTsK","ok":true,"headers":[["content-type","application/javascript"]],"status":200,"status_text":""}},"base_uri":"https://localhost:8080/","height":73},"executionInfo":{"status":"ok","timestamp":1600095642899,"user_tz":-330,"elapsed":35802,"user":{"displayName":"JAY SHAH","photoUrl":"","userId":"13504679010207240037"}},"outputId":"0a1ec4a6-fef4-4086-fa87-1f98eb6deda8"},"source":["from google.colab import files\n","uploaded = files.upload()"],"execution_count":2,"outputs":[{"output_type":"display_data","data":{"text/html":["\n","     <input type=\"file\" id=\"files-74ea1ac2-f6dd-4964-8eab-54fc00486127\" name=\"files[]\" multiple disabled\n","        style=\"border:none\" />\n","     <output id=\"result-74ea1ac2-f6dd-4964-8eab-54fc00486127\">\n","      Upload widget is only available when the cell has been executed in the\n","      current browser session. Please rerun this cell to enable.\n","      </output>\n","      <script src=\"/nbextensions/google.colab/files.js\"></script> "],"text/plain":["<IPython.core.display.HTML object>"]},"metadata":{"tags":[]}},{"output_type":"stream","text":["Saving Labelled dataset (2).csv to Labelled dataset (2).csv\n"],"name":"stdout"}]},{"cell_type":"code","metadata":{"id":"7twNwLv9qsef","colab_type":"code","colab":{"base_uri":"https://localhost:8080/","height":707},"executionInfo":{"status":"ok","timestamp":1600095645710,"user_tz":-330,"elapsed":1272,"user":{"displayName":"JAY SHAH","photoUrl":"","userId":"13504679010207240037"}},"outputId":"b1453124-e314-4d0f-e834-e45974dd1234"},"source":["import io\n","df =  pd.read_csv(io.StringIO(uploaded['Labelled dataset (2).csv'].decode('utf-8')))\n","df.head()"],"execution_count":3,"outputs":[{"output_type":"execute_result","data":{"text/html":["<div>\n","<style scoped>\n","    .dataframe tbody tr th:only-of-type {\n","        vertical-align: middle;\n","    }\n","\n","    .dataframe tbody tr th {\n","        vertical-align: top;\n","    }\n","\n","    .dataframe thead th {\n","        text-align: right;\n","    }\n","</style>\n","<table border=\"1\" class=\"dataframe\">\n","  <thead>\n","    <tr style=\"text-align: right;\">\n","      <th></th>\n","      <th>Decision</th>\n","      <th>Sentiment</th>\n","      <th>hotel</th>\n","      <th>polarity</th>\n","      <th>source</th>\n","      <th>text</th>\n","      <th>anger</th>\n","      <th>fear</th>\n","      <th>anticipation</th>\n","      <th>trust</th>\n","      <th>surprise</th>\n","      <th>sadness</th>\n","      <th>joy</th>\n","      <th>disgust</th>\n","      <th>positive</th>\n","      <th>negative</th>\n","      <th>n_count</th>\n","      <th>wrd_count</th>\n","    </tr>\n","  </thead>\n","  <tbody>\n","    <tr>\n","      <th>0</th>\n","      <td>truthful</td>\n","      <td>1</td>\n","      <td>conrad</td>\n","      <td>positive</td>\n","      <td>TripAdvisor</td>\n","      <td>We stayed for a one night getaway with family ...</td>\n","      <td>0.009524</td>\n","      <td>0.009524</td>\n","      <td>0.019048</td>\n","      <td>0.028571</td>\n","      <td>0.009524</td>\n","      <td>0.019048</td>\n","      <td>0.047619</td>\n","      <td>0.000000</td>\n","      <td>0.066667</td>\n","      <td>0.028571</td>\n","      <td>0.287037</td>\n","      <td>2</td>\n","    </tr>\n","    <tr>\n","      <th>1</th>\n","      <td>truthful</td>\n","      <td>1</td>\n","      <td>hyatt</td>\n","      <td>positive</td>\n","      <td>TripAdvisor</td>\n","      <td>Triple A rate with upgrade to view room was le...</td>\n","      <td>0.000000</td>\n","      <td>0.000000</td>\n","      <td>0.022222</td>\n","      <td>0.044444</td>\n","      <td>0.022222</td>\n","      <td>0.000000</td>\n","      <td>0.022222</td>\n","      <td>0.000000</td>\n","      <td>0.111111</td>\n","      <td>0.000000</td>\n","      <td>0.400000</td>\n","      <td>2</td>\n","    </tr>\n","    <tr>\n","      <th>2</th>\n","      <td>truthful</td>\n","      <td>1</td>\n","      <td>hyatt</td>\n","      <td>positive</td>\n","      <td>TripAdvisor</td>\n","      <td>This comes a little late as I'm finally catchi...</td>\n","      <td>0.004831</td>\n","      <td>0.014493</td>\n","      <td>0.033816</td>\n","      <td>0.057971</td>\n","      <td>0.024155</td>\n","      <td>0.033816</td>\n","      <td>0.043478</td>\n","      <td>0.004831</td>\n","      <td>0.091787</td>\n","      <td>0.033816</td>\n","      <td>0.236967</td>\n","      <td>8</td>\n","    </tr>\n","    <tr>\n","      <th>3</th>\n","      <td>truthful</td>\n","      <td>1</td>\n","      <td>omni</td>\n","      <td>positive</td>\n","      <td>TripAdvisor</td>\n","      <td>The Omni Chicago really delivers on all fronts...</td>\n","      <td>0.007874</td>\n","      <td>0.015748</td>\n","      <td>0.023622</td>\n","      <td>0.055118</td>\n","      <td>0.015748</td>\n","      <td>0.015748</td>\n","      <td>0.031496</td>\n","      <td>0.015748</td>\n","      <td>0.055118</td>\n","      <td>0.031496</td>\n","      <td>0.356589</td>\n","      <td>3</td>\n","    </tr>\n","    <tr>\n","      <th>4</th>\n","      <td>truthful</td>\n","      <td>1</td>\n","      <td>hyatt</td>\n","      <td>positive</td>\n","      <td>TripAdvisor</td>\n","      <td>I asked for a high floor away from the elevato...</td>\n","      <td>0.000000</td>\n","      <td>0.000000</td>\n","      <td>0.027778</td>\n","      <td>0.055556</td>\n","      <td>0.027778</td>\n","      <td>0.000000</td>\n","      <td>0.041667</td>\n","      <td>0.000000</td>\n","      <td>0.055556</td>\n","      <td>0.000000</td>\n","      <td>0.205479</td>\n","      <td>4</td>\n","    </tr>\n","  </tbody>\n","</table>\n","</div>"],"text/plain":["   Decision  Sentiment   hotel  ...  negative  n_count  wrd_count\n","0  truthful          1  conrad  ...  0.028571  0.287037         2\n","1  truthful          1   hyatt  ...  0.000000  0.400000         2\n","2  truthful          1   hyatt  ...  0.033816  0.236967         8\n","3  truthful          1    omni  ...  0.031496  0.356589         3\n","4  truthful          1   hyatt  ...  0.000000  0.205479         4\n","\n","[5 rows x 18 columns]"]},"metadata":{"tags":[]},"execution_count":3}]},{"cell_type":"code","metadata":{"id":"e-FIn24GZSxW","colab_type":"code","colab":{"base_uri":"https://localhost:8080/","height":260},"executionInfo":{"status":"ok","timestamp":1600095650392,"user_tz":-330,"elapsed":967,"user":{"displayName":"JAY SHAH","photoUrl":"","userId":"13504679010207240037"}},"outputId":"ec5a6d3c-b05f-458d-e851-8857922dbffb"},"source":["df2 = df.reindex(np.random.permutation(df.index))\n","print(df2)\n"],"execution_count":4,"outputs":[{"output_type":"stream","text":["       Decision  Sentiment      hotel  ...  negative  n_count  wrd_count\n","906    truthful          1   sheraton  ...  0.035294  0.244186         4\n","575   deceptive          0    affinia  ...  0.000000  0.294872         2\n","493   deceptive          0  swissotel  ...  0.000000  0.235294         4\n","114    truthful          1   sheraton  ...  0.000000  0.380282         2\n","76     truthful          1       omni  ...  0.000000  0.198630         4\n","...         ...        ...        ...  ...       ...       ...       ...\n","1406  deceptive          0    talbott  ...  0.018018  0.221631         5\n","700   deceptive          0    sofitel  ...  0.008197  0.237705         5\n","951    truthful          1  swissotel  ...  0.035714  0.253521         2\n","65     truthful          1      hyatt  ...  0.017921  0.275986         6\n","1190   truthful          1    allegro  ...  0.039474  0.181818         4\n","\n","[1600 rows x 18 columns]\n"],"name":"stdout"}]},{"cell_type":"code","metadata":{"id":"NOvUqaQGkrlK","colab_type":"code","colab":{"base_uri":"https://localhost:8080/","height":329},"executionInfo":{"status":"ok","timestamp":1600095654075,"user_tz":-330,"elapsed":988,"user":{"displayName":"JAY SHAH","photoUrl":"","userId":"13504679010207240037"}},"outputId":"e7a4f5f2-1cc0-41c6-f641-e657057f16a2"},"source":["\n","\n","#col_names1 = ['Decision','Sentiment','anger','fear','anticipation','trust','surprise','sadness','joy','disgust','positive','negative','n count','wrd count']\n","\n","#df3 = pd.DataFrame({'Decision':df2['Decision'],'Sentiment':df2['Sentiment'],'anger':df2['anger'],'fear':df2['fear'],'anticipation':df2['anticipation'],'trust':df2['trust'],'surprise':df2['surprise'],'sadness':df2['sadness'],'joy':df2['joy'],'disgust':df2['disgust'],'positive':df2['positive'],'negative':df2['negative'],'n_count':df2['n_count'],'wrd_count':df2['wrd_count']},columns = col_names1)\n","\n","df3 = df2.copy()\n","df3.drop([\"hotel\",\"polarity\",\"source\",\"text\"],axis=1,inplace=True)\n","print(df3)\n","df3.to_csv('dataset.csv')\n","\n","col_names = ['text','labels']\n","df2 = pd.DataFrame({'text':df2['text'], 'labels':df2['Sentiment']}, columns=col_names)\n","\n","\n","\n","\n","\n","train_x = df2['text'].to_numpy()\n","labels = df2['labels'].to_numpy()\n","\n","\n","\n","split_frac1 = 0.8\n","\n","idx1 = int(len(train_x) * split_frac1)\n","texts_train, texts_test = train_x[:idx1], train_x[idx1:]\n","y_train, y_test = labels[:idx1], labels[idx1:]\n","\n","\n","print(len(texts_train))\n","print(len(y_train))\n","print(len(texts_test))\n","print(len(y_test))\n"],"execution_count":5,"outputs":[{"output_type":"stream","text":["       Decision  Sentiment     anger  ...  negative  n_count   wrd_count\n","906    truthful          1  0.023529  ...  0.035294  0.244186          4\n","575   deceptive          0  0.000000  ...  0.000000  0.294872          2\n","493   deceptive          0  0.000000  ...  0.000000  0.235294          4\n","114    truthful          1  0.000000  ...  0.000000  0.380282          2\n","76     truthful          1  0.000000  ...  0.000000  0.198630          4\n","...         ...        ...       ...  ...       ...       ...        ...\n","1406  deceptive          0  0.001802  ...  0.018018  0.221631          5\n","700   deceptive          0  0.000000  ...  0.008197  0.237705          5\n","951    truthful          1  0.000000  ...  0.035714  0.253521          2\n","65     truthful          1  0.010753  ...  0.017921  0.275986          6\n","1190   truthful          1  0.013158  ...  0.039474  0.181818          4\n","\n","[1600 rows x 14 columns]\n","1280\n","1280\n","320\n","320\n"],"name":"stdout"}]},{"cell_type":"code","metadata":{"id":"fskBO-Hydfao","colab_type":"code","colab":{"base_uri":"https://localhost:8080/","height":89},"executionInfo":{"status":"ok","timestamp":1600095657456,"user_tz":-330,"elapsed":973,"user":{"displayName":"JAY SHAH","photoUrl":"","userId":"13504679010207240037"}},"outputId":"84b5c768-6df2-4fe0-f175-b5f86138f5c5"},"source":["print(texts_train[0])\n","print(y_train[0])"],"execution_count":6,"outputs":[{"output_type":"stream","text":["great bed, but when I first came in, I requested a room with a lake view (i requested this over the phone as well), and the front desk woman said 'this is a great room'. I go upstairs and its awful looking. The view was of the neighboring roofs. Then I spent half an hour trying to find a better room. Eventually I got a corner roof with a partial view. Horrible experience. also rooms were small and had crappy look (yellowy wallpaper and bedsheets)\n","\n","1\n"],"name":"stdout"}]},{"cell_type":"markdown","metadata":{"id":"hZ_Bq-3_PlwK","colab_type":"text"},"source":["texts_train - reviews,\n","y_train - sentiment\n"]},{"cell_type":"code","metadata":{"id":"lSjsOHIyMNkb","colab_type":"code","colab":{},"executionInfo":{"status":"ok","timestamp":1600095659629,"user_tz":-330,"elapsed":931,"user":{"displayName":"JAY SHAH","photoUrl":"","userId":"13504679010207240037"}}},"source":["col_names = ['labels','text']\n","df_trn = pd.DataFrame({'text':texts_train, 'labels':y_train}, columns=col_names)\n","df_val = pd.DataFrame({'text':texts_test, 'labels':y_test}, columns=col_names)"],"execution_count":7,"outputs":[]},{"cell_type":"code","metadata":{"id":"n5E70eXfMbxQ","colab_type":"code","colab":{"base_uri":"https://localhost:8080/","height":260},"executionInfo":{"status":"ok","timestamp":1600095500117,"user_tz":-330,"elapsed":960,"user":{"displayName":"JAY SHAH","photoUrl":"","userId":"13504679010207240037"}},"outputId":"7dcfc5fc-94df-453c-b6f3-0e6b808615b0"},"source":["print(df_trn)\n"],"execution_count":31,"outputs":[{"output_type":"stream","text":["      labels                                               text\n","0          1  I travel a lot for business and quite frankly,...\n","1          0  I will never use Ambassador East Hotel again. ...\n","2          1  we love the location and proximity to everythi...\n","3          1  When we were stranded in Chicago for two days ...\n","4          1  My experiences at the Fairmont Chicago were le...\n","...      ...                                                ...\n","1275       1  I unfortunately stayed for 3 nights at the Kni...\n","1276       0  I had heard good things regarding the plush ac...\n","1277       0  My husband and I recently traveled to Chicago ...\n","1278       0  For 250 dollars, cheapest room available at th...\n","1279       1  Great building and location, but... staff is i...\n","\n","[1280 rows x 2 columns]\n"],"name":"stdout"}]},{"cell_type":"code","metadata":{"id":"amF1nw7_rgYN","colab_type":"code","colab":{"base_uri":"https://localhost:8080/","height":35},"executionInfo":{"status":"ok","timestamp":1600095504745,"user_tz":-330,"elapsed":1200,"user":{"displayName":"JAY SHAH","photoUrl":"","userId":"13504679010207240037"}},"outputId":"adf87929-fb20-4a42-e389-43298eac10c6"},"source":["\n","print(y_train[0])\n"],"execution_count":32,"outputs":[{"output_type":"stream","text":["1\n"],"name":"stdout"}]},{"cell_type":"code","metadata":{"id":"UGOnho-vvCX9","colab_type":"code","colab":{},"executionInfo":{"status":"ok","timestamp":1600095662881,"user_tz":-330,"elapsed":951,"user":{"displayName":"JAY SHAH","photoUrl":"","userId":"13504679010207240037"}}},"source":["vocab_size = 20000  # Max number of different word, i.e. model input dimension\n","maxlen = 200  # Max number of words kept at the end of each text"],"execution_count":8,"outputs":[]},{"cell_type":"code","metadata":{"id":"4BxuMNb4IFcF","colab_type":"code","colab":{}},"source":["pip install tensorflow"],"execution_count":null,"outputs":[]},{"cell_type":"code","metadata":{"id":"sOqj8pjkvGWM","colab_type":"code","colab":{"base_uri":"https://localhost:8080/","height":1000},"executionInfo":{"status":"error","timestamp":1600095804629,"user_tz":-330,"elapsed":1109,"user":{"displayName":"JAY SHAH","photoUrl":"","userId":"13504679010207240037"}},"outputId":"6b2662ee-f758-4762-97c0-b7a96930c1eb"},"source":["from keras.preprocessing.text import Tokenizer\n","from keras.preprocessing.sequence import pad_sequences\n","from sklearn.pipeline import TransformerMixin\n","from sklearn.base import BaseEstimator\n","\n","class TextsToSequences(Tokenizer, BaseEstimator, TransformerMixin):\n","    \"\"\" Sklearn transformer to convert texts to indices list \"\"\"\n","    def __init__(self,  **kwargs):\n","        super().__init__(**kwargs)\n","        \n","    def fit(self, texts, y=None):\n","        self.fit_on_texts(texts)\n","        return self\n","    \n","    def transform(self, texts, y=None):\n","        return np.array(self.texts_to_sequences(texts))\n","        \n","sequencer = TextsToSequences(num_words=vocab_size)"],"execution_count":11,"outputs":[{"output_type":"stream","text":["ERROR:root:Internal Python error in the inspect module.\n","Below is the traceback from this internal error.\n","\n","ERROR:root:Internal Python error in the inspect module.\n","Below is the traceback from this internal error.\n","\n"],"name":"stderr"},{"output_type":"stream","text":["Traceback (most recent call last):\n","  File \"/usr/local/lib/python3.6/dist-packages/keras/__init__.py\", line 3, in <module>\n","    from tensorflow.keras.layers.experimental.preprocessing import RandomRotation\n","ModuleNotFoundError: No module named 'tensorflow.keras.layers.experimental.preprocessing'\n","\n","During handling of the above exception, another exception occurred:\n","\n","Traceback (most recent call last):\n","  File \"/usr/local/lib/python3.6/dist-packages/IPython/core/interactiveshell.py\", line 2882, in run_code\n","    exec(code_obj, self.user_global_ns, self.user_ns)\n","  File \"<ipython-input-11-724e02f47996>\", line 1, in <module>\n","    from keras.preprocessing.text import Tokenizer\n","  File \"/usr/local/lib/python3.6/dist-packages/keras/__init__.py\", line 6, in <module>\n","    'Keras requires TensorFlow 2.2 or higher. '\n","ImportError: Keras requires TensorFlow 2.2 or higher. Install TensorFlow via `pip install tensorflow`\n","\n","During handling of the above exception, another exception occurred:\n","\n","Traceback (most recent call last):\n","  File \"/usr/local/lib/python3.6/dist-packages/IPython/core/interactiveshell.py\", line 1823, in showtraceback\n","    stb = value._render_traceback_()\n","AttributeError: 'ImportError' object has no attribute '_render_traceback_'\n","\n","During handling of the above exception, another exception occurred:\n","\n","Traceback (most recent call last):\n","  File \"/usr/local/lib/python3.6/dist-packages/IPython/core/ultratb.py\", line 1132, in get_records\n","    return _fixed_getinnerframes(etb, number_of_lines_of_context, tb_offset)\n","  File \"/usr/local/lib/python3.6/dist-packages/IPython/core/ultratb.py\", line 313, in wrapped\n","    return f(*args, **kwargs)\n","  File \"/usr/local/lib/python3.6/dist-packages/IPython/core/ultratb.py\", line 358, in _fixed_getinnerframes\n","    records = fix_frame_records_filenames(inspect.getinnerframes(etb, context))\n","  File \"/usr/lib/python3.6/inspect.py\", line 1490, in getinnerframes\n","    frameinfo = (tb.tb_frame,) + getframeinfo(tb, context)\n","  File \"/usr/lib/python3.6/inspect.py\", line 1448, in getframeinfo\n","    filename = getsourcefile(frame) or getfile(frame)\n","  File \"/usr/lib/python3.6/inspect.py\", line 696, in getsourcefile\n","    if getattr(getmodule(object, filename), '__loader__', None) is not None:\n","  File \"/usr/lib/python3.6/inspect.py\", line 733, in getmodule\n","    if ismodule(module) and hasattr(module, '__file__'):\n","  File \"/usr/local/lib/python3.6/dist-packages/tensorflow/__init__.py\", line 50, in __getattr__\n","    module = self._load()\n","  File \"/usr/local/lib/python3.6/dist-packages/tensorflow/__init__.py\", line 44, in _load\n","    module = _importlib.import_module(self.__name__)\n","  File \"/usr/lib/python3.6/importlib/__init__.py\", line 126, in import_module\n","    return _bootstrap._gcd_import(name[level:], package, level)\n","  File \"<frozen importlib._bootstrap>\", line 994, in _gcd_import\n","  File \"<frozen importlib._bootstrap>\", line 971, in _find_and_load\n","  File \"<frozen importlib._bootstrap>\", line 953, in _find_and_load_unlocked\n","ModuleNotFoundError: No module named 'tensorflow_core.estimator'\n","Traceback (most recent call last):\n","  File \"/usr/local/lib/python3.6/dist-packages/keras/__init__.py\", line 3, in <module>\n","    from tensorflow.keras.layers.experimental.preprocessing import RandomRotation\n","ModuleNotFoundError: No module named 'tensorflow.keras.layers.experimental.preprocessing'\n","\n","During handling of the above exception, another exception occurred:\n","\n","Traceback (most recent call last):\n","  File \"/usr/local/lib/python3.6/dist-packages/IPython/core/interactiveshell.py\", line 2882, in run_code\n","    exec(code_obj, self.user_global_ns, self.user_ns)\n","  File \"<ipython-input-11-724e02f47996>\", line 1, in <module>\n","    from keras.preprocessing.text import Tokenizer\n","  File \"/usr/local/lib/python3.6/dist-packages/keras/__init__.py\", line 6, in <module>\n","    'Keras requires TensorFlow 2.2 or higher. '\n","ImportError: Keras requires TensorFlow 2.2 or higher. Install TensorFlow via `pip install tensorflow`\n","\n","During handling of the above exception, another exception occurred:\n","\n","Traceback (most recent call last):\n","  File \"/usr/local/lib/python3.6/dist-packages/IPython/core/interactiveshell.py\", line 1823, in showtraceback\n","    stb = value._render_traceback_()\n","AttributeError: 'ImportError' object has no attribute '_render_traceback_'\n","\n","During handling of the above exception, another exception occurred:\n","\n","Traceback (most recent call last):\n","  File \"/usr/local/lib/python3.6/dist-packages/IPython/core/interactiveshell.py\", line 2822, in run_ast_nodes\n","    if self.run_code(code, result):\n","  File \"/usr/local/lib/python3.6/dist-packages/IPython/core/interactiveshell.py\", line 2899, in run_code\n","    self.showtraceback()\n","  File \"/usr/local/lib/python3.6/dist-packages/IPython/core/interactiveshell.py\", line 1826, in showtraceback\n","    value, tb, tb_offset=tb_offset)\n","  File \"/usr/local/lib/python3.6/dist-packages/IPython/core/ultratb.py\", line 1411, in structured_traceback\n","    self, etype, value, tb, tb_offset, number_of_lines_of_context)\n","  File \"/usr/local/lib/python3.6/dist-packages/IPython/core/ultratb.py\", line 1319, in structured_traceback\n","    self, etype, value, tb, tb_offset, number_of_lines_of_context\n","  File \"/usr/local/lib/python3.6/dist-packages/IPython/core/ultratb.py\", line 1182, in structured_traceback\n","    formatted_exceptions += self.prepare_chained_exception_message(evalue.__cause__)\n","TypeError: must be str, not list\n","\n","During handling of the above exception, another exception occurred:\n","\n","Traceback (most recent call last):\n","  File \"/usr/local/lib/python3.6/dist-packages/IPython/core/interactiveshell.py\", line 1823, in showtraceback\n","    stb = value._render_traceback_()\n","AttributeError: 'TypeError' object has no attribute '_render_traceback_'\n","\n","During handling of the above exception, another exception occurred:\n","\n","Traceback (most recent call last):\n","  File \"/usr/local/lib/python3.6/dist-packages/IPython/core/ultratb.py\", line 1132, in get_records\n","    return _fixed_getinnerframes(etb, number_of_lines_of_context, tb_offset)\n","  File \"/usr/local/lib/python3.6/dist-packages/IPython/core/ultratb.py\", line 313, in wrapped\n","    return f(*args, **kwargs)\n","  File \"/usr/local/lib/python3.6/dist-packages/IPython/core/ultratb.py\", line 358, in _fixed_getinnerframes\n","    records = fix_frame_records_filenames(inspect.getinnerframes(etb, context))\n","  File \"/usr/lib/python3.6/inspect.py\", line 1490, in getinnerframes\n","    frameinfo = (tb.tb_frame,) + getframeinfo(tb, context)\n","  File \"/usr/lib/python3.6/inspect.py\", line 1448, in getframeinfo\n","    filename = getsourcefile(frame) or getfile(frame)\n","  File \"/usr/lib/python3.6/inspect.py\", line 696, in getsourcefile\n","    if getattr(getmodule(object, filename), '__loader__', None) is not None:\n","  File \"/usr/lib/python3.6/inspect.py\", line 733, in getmodule\n","    if ismodule(module) and hasattr(module, '__file__'):\n","  File \"/usr/local/lib/python3.6/dist-packages/tensorflow/__init__.py\", line 50, in __getattr__\n","    module = self._load()\n","  File \"/usr/local/lib/python3.6/dist-packages/tensorflow/__init__.py\", line 44, in _load\n","    module = _importlib.import_module(self.__name__)\n","  File \"/usr/lib/python3.6/importlib/__init__.py\", line 126, in import_module\n","    return _bootstrap._gcd_import(name[level:], package, level)\n","  File \"<frozen importlib._bootstrap>\", line 994, in _gcd_import\n","  File \"<frozen importlib._bootstrap>\", line 971, in _find_and_load\n","  File \"<frozen importlib._bootstrap>\", line 953, in _find_and_load_unlocked\n","ModuleNotFoundError: No module named 'tensorflow_core.estimator'\n"],"name":"stdout"},{"output_type":"error","ename":"TypeError","evalue":"ignored","traceback":["\u001b[0;31m---------------------------------------------------------------------------\u001b[0m","\u001b[0;31mModuleNotFoundError\u001b[0m                       Traceback (most recent call last)","\u001b[0;32m/usr/local/lib/python3.6/dist-packages/keras/__init__.py\u001b[0m in \u001b[0;36m<module>\u001b[0;34m()\u001b[0m\n\u001b[1;32m      2\u001b[0m \u001b[0;32mtry\u001b[0m\u001b[0;34m:\u001b[0m\u001b[0;34m\u001b[0m\u001b[0;34m\u001b[0m\u001b[0m\n\u001b[0;32m----> 3\u001b[0;31m     \u001b[0;32mfrom\u001b[0m \u001b[0mtensorflow\u001b[0m\u001b[0;34m.\u001b[0m\u001b[0mkeras\u001b[0m\u001b[0;34m.\u001b[0m\u001b[0mlayers\u001b[0m\u001b[0;34m.\u001b[0m\u001b[0mexperimental\u001b[0m\u001b[0;34m.\u001b[0m\u001b[0mpreprocessing\u001b[0m \u001b[0;32mimport\u001b[0m \u001b[0mRandomRotation\u001b[0m\u001b[0;34m\u001b[0m\u001b[0;34m\u001b[0m\u001b[0m\n\u001b[0m\u001b[1;32m      4\u001b[0m \u001b[0;32mexcept\u001b[0m \u001b[0mImportError\u001b[0m\u001b[0;34m:\u001b[0m\u001b[0;34m\u001b[0m\u001b[0;34m\u001b[0m\u001b[0m\n","\u001b[0;31mModuleNotFoundError\u001b[0m: No module named 'tensorflow.keras.layers.experimental.preprocessing'","\nDuring handling of the above exception, another exception occurred:\n","\nDuring handling of the above exception, another exception occurred:\n","\u001b[0;31mAttributeError\u001b[0m                            Traceback (most recent call last)","\u001b[0;32m/usr/local/lib/python3.6/dist-packages/IPython/core/interactiveshell.py\u001b[0m in \u001b[0;36mshowtraceback\u001b[0;34m(self, exc_tuple, filename, tb_offset, exception_only)\u001b[0m\n\u001b[1;32m   1822\u001b[0m                         \u001b[0;31m# in the engines. This should return a list of strings.\u001b[0m\u001b[0;34m\u001b[0m\u001b[0;34m\u001b[0m\u001b[0;34m\u001b[0m\u001b[0m\n\u001b[0;32m-> 1823\u001b[0;31m                         \u001b[0mstb\u001b[0m \u001b[0;34m=\u001b[0m \u001b[0mvalue\u001b[0m\u001b[0;34m.\u001b[0m\u001b[0m_render_traceback_\u001b[0m\u001b[0;34m(\u001b[0m\u001b[0;34m)\u001b[0m\u001b[0;34m\u001b[0m\u001b[0;34m\u001b[0m\u001b[0m\n\u001b[0m\u001b[1;32m   1824\u001b[0m                     \u001b[0;32mexcept\u001b[0m \u001b[0mException\u001b[0m\u001b[0;34m:\u001b[0m\u001b[0;34m\u001b[0m\u001b[0;34m\u001b[0m\u001b[0m\n","\u001b[0;31mAttributeError\u001b[0m: 'ImportError' object has no attribute '_render_traceback_'","\nDuring handling of the above exception, another exception occurred:\n","\u001b[0;31mTypeError\u001b[0m                                 Traceback (most recent call last)","\u001b[0;32m/usr/local/lib/python3.6/dist-packages/IPython/core/interactiveshell.py\u001b[0m in \u001b[0;36mrun_code\u001b[0;34m(self, code_obj, result)\u001b[0m\n\u001b[1;32m   2897\u001b[0m             \u001b[0;32mif\u001b[0m \u001b[0mresult\u001b[0m \u001b[0;32mis\u001b[0m \u001b[0;32mnot\u001b[0m \u001b[0;32mNone\u001b[0m\u001b[0;34m:\u001b[0m\u001b[0;34m\u001b[0m\u001b[0;34m\u001b[0m\u001b[0m\n\u001b[1;32m   2898\u001b[0m                 \u001b[0mresult\u001b[0m\u001b[0;34m.\u001b[0m\u001b[0merror_in_exec\u001b[0m \u001b[0;34m=\u001b[0m \u001b[0msys\u001b[0m\u001b[0;34m.\u001b[0m\u001b[0mexc_info\u001b[0m\u001b[0;34m(\u001b[0m\u001b[0;34m)\u001b[0m\u001b[0;34m[\u001b[0m\u001b[0;36m1\u001b[0m\u001b[0;34m]\u001b[0m\u001b[0;34m\u001b[0m\u001b[0;34m\u001b[0m\u001b[0m\n\u001b[0;32m-> 2899\u001b[0;31m             \u001b[0mself\u001b[0m\u001b[0;34m.\u001b[0m\u001b[0mshowtraceback\u001b[0m\u001b[0;34m(\u001b[0m\u001b[0;34m)\u001b[0m\u001b[0;34m\u001b[0m\u001b[0;34m\u001b[0m\u001b[0m\n\u001b[0m\u001b[1;32m   2900\u001b[0m         \u001b[0;32melse\u001b[0m\u001b[0;34m:\u001b[0m\u001b[0;34m\u001b[0m\u001b[0;34m\u001b[0m\u001b[0m\n\u001b[1;32m   2901\u001b[0m             \u001b[0moutflag\u001b[0m \u001b[0;34m=\u001b[0m \u001b[0;36m0\u001b[0m\u001b[0;34m\u001b[0m\u001b[0;34m\u001b[0m\u001b[0m\n","\u001b[0;32m/usr/local/lib/python3.6/dist-packages/IPython/core/interactiveshell.py\u001b[0m in \u001b[0;36mshowtraceback\u001b[0;34m(self, exc_tuple, filename, tb_offset, exception_only)\u001b[0m\n\u001b[1;32m   1824\u001b[0m                     \u001b[0;32mexcept\u001b[0m \u001b[0mException\u001b[0m\u001b[0;34m:\u001b[0m\u001b[0;34m\u001b[0m\u001b[0;34m\u001b[0m\u001b[0m\n\u001b[1;32m   1825\u001b[0m                         stb = self.InteractiveTB.structured_traceback(etype,\n\u001b[0;32m-> 1826\u001b[0;31m                                             value, tb, tb_offset=tb_offset)\n\u001b[0m\u001b[1;32m   1827\u001b[0m \u001b[0;34m\u001b[0m\u001b[0m\n\u001b[1;32m   1828\u001b[0m                     \u001b[0mself\u001b[0m\u001b[0;34m.\u001b[0m\u001b[0m_showtraceback\u001b[0m\u001b[0;34m(\u001b[0m\u001b[0metype\u001b[0m\u001b[0;34m,\u001b[0m \u001b[0mvalue\u001b[0m\u001b[0;34m,\u001b[0m \u001b[0mstb\u001b[0m\u001b[0;34m)\u001b[0m\u001b[0;34m\u001b[0m\u001b[0;34m\u001b[0m\u001b[0m\n","\u001b[0;32m/usr/local/lib/python3.6/dist-packages/IPython/core/ultratb.py\u001b[0m in \u001b[0;36mstructured_traceback\u001b[0;34m(self, etype, value, tb, tb_offset, number_of_lines_of_context)\u001b[0m\n\u001b[1;32m   1409\u001b[0m         \u001b[0mself\u001b[0m\u001b[0;34m.\u001b[0m\u001b[0mtb\u001b[0m \u001b[0;34m=\u001b[0m \u001b[0mtb\u001b[0m\u001b[0;34m\u001b[0m\u001b[0;34m\u001b[0m\u001b[0m\n\u001b[1;32m   1410\u001b[0m         return FormattedTB.structured_traceback(\n\u001b[0;32m-> 1411\u001b[0;31m             self, etype, value, tb, tb_offset, number_of_lines_of_context)\n\u001b[0m\u001b[1;32m   1412\u001b[0m \u001b[0;34m\u001b[0m\u001b[0m\n\u001b[1;32m   1413\u001b[0m \u001b[0;34m\u001b[0m\u001b[0m\n","\u001b[0;32m/usr/local/lib/python3.6/dist-packages/IPython/core/ultratb.py\u001b[0m in \u001b[0;36mstructured_traceback\u001b[0;34m(self, etype, value, tb, tb_offset, number_of_lines_of_context)\u001b[0m\n\u001b[1;32m   1317\u001b[0m             \u001b[0;31m# Verbose modes need a full traceback\u001b[0m\u001b[0;34m\u001b[0m\u001b[0;34m\u001b[0m\u001b[0;34m\u001b[0m\u001b[0m\n\u001b[1;32m   1318\u001b[0m             return VerboseTB.structured_traceback(\n\u001b[0;32m-> 1319\u001b[0;31m                 \u001b[0mself\u001b[0m\u001b[0;34m,\u001b[0m \u001b[0metype\u001b[0m\u001b[0;34m,\u001b[0m \u001b[0mvalue\u001b[0m\u001b[0;34m,\u001b[0m \u001b[0mtb\u001b[0m\u001b[0;34m,\u001b[0m \u001b[0mtb_offset\u001b[0m\u001b[0;34m,\u001b[0m \u001b[0mnumber_of_lines_of_context\u001b[0m\u001b[0;34m\u001b[0m\u001b[0;34m\u001b[0m\u001b[0m\n\u001b[0m\u001b[1;32m   1320\u001b[0m             )\n\u001b[1;32m   1321\u001b[0m         \u001b[0;32melse\u001b[0m\u001b[0;34m:\u001b[0m\u001b[0;34m\u001b[0m\u001b[0;34m\u001b[0m\u001b[0m\n","\u001b[0;32m/usr/local/lib/python3.6/dist-packages/IPython/core/ultratb.py\u001b[0m in \u001b[0;36mstructured_traceback\u001b[0;34m(self, etype, evalue, etb, tb_offset, number_of_lines_of_context)\u001b[0m\n\u001b[1;32m   1180\u001b[0m             \u001b[0mexception\u001b[0m \u001b[0;34m=\u001b[0m \u001b[0mself\u001b[0m\u001b[0;34m.\u001b[0m\u001b[0mget_parts_of_chained_exception\u001b[0m\u001b[0;34m(\u001b[0m\u001b[0mevalue\u001b[0m\u001b[0;34m)\u001b[0m\u001b[0;34m\u001b[0m\u001b[0;34m\u001b[0m\u001b[0m\n\u001b[1;32m   1181\u001b[0m             \u001b[0;32mif\u001b[0m \u001b[0mexception\u001b[0m\u001b[0;34m:\u001b[0m\u001b[0;34m\u001b[0m\u001b[0;34m\u001b[0m\u001b[0m\n\u001b[0;32m-> 1182\u001b[0;31m                 \u001b[0mformatted_exceptions\u001b[0m \u001b[0;34m+=\u001b[0m \u001b[0mself\u001b[0m\u001b[0;34m.\u001b[0m\u001b[0mprepare_chained_exception_message\u001b[0m\u001b[0;34m(\u001b[0m\u001b[0mevalue\u001b[0m\u001b[0;34m.\u001b[0m\u001b[0m__cause__\u001b[0m\u001b[0;34m)\u001b[0m\u001b[0;34m\u001b[0m\u001b[0;34m\u001b[0m\u001b[0m\n\u001b[0m\u001b[1;32m   1183\u001b[0m                 \u001b[0metype\u001b[0m\u001b[0;34m,\u001b[0m \u001b[0mevalue\u001b[0m\u001b[0;34m,\u001b[0m \u001b[0metb\u001b[0m \u001b[0;34m=\u001b[0m \u001b[0mexception\u001b[0m\u001b[0;34m\u001b[0m\u001b[0;34m\u001b[0m\u001b[0m\n\u001b[1;32m   1184\u001b[0m             \u001b[0;32melse\u001b[0m\u001b[0;34m:\u001b[0m\u001b[0;34m\u001b[0m\u001b[0;34m\u001b[0m\u001b[0m\n","\u001b[0;31mTypeError\u001b[0m: must be str, not list"]}]},{"cell_type":"code","metadata":{"id":"nMJixnKl-iCk","colab_type":"code","colab":{"base_uri":"https://localhost:8080/","height":85},"executionInfo":{"status":"ok","timestamp":1592055664168,"user_tz":-330,"elapsed":1092,"user":{"displayName":"JAY SHAH","photoUrl":"","userId":"13504679010207240037"}},"outputId":"ca754e00-0865-491f-ae73-6422aed38d32"},"source":["object = TextsToSequences()\n","object.fit(\"When you enter the lobby\")\n","a=object.transform(\"When you enter the lobby\")\n","print(a)"],"execution_count":null,"outputs":[{"output_type":"stream","text":["[list([8]) list([2]) list([1]) list([3]) list([]) list([4]) list([5])\n"," list([9]) list([]) list([1]) list([3]) list([6]) list([1]) list([10])\n"," list([]) list([6]) list([2]) list([1]) list([]) list([11]) list([5])\n"," list([7]) list([7]) list([4])]\n"],"name":"stdout"}]},{"cell_type":"code","metadata":{"id":"eNlJ8NzEz_xb","colab_type":"code","colab":{}},"source":["class Padder(BaseEstimator, TransformerMixin):\n","    \"\"\" Pad and crop uneven lists to the same length. \n","    Only the end of lists longernthan the maxlen attribute are\n","    kept, and lists shorter than maxlen are left-padded with zeros\n","    \n","    Attributes\n","    ----------\n","    maxlen: int\n","        sizes of sequences after padding\n","    max_index: int\n","        maximum index known by the Padder, if a higher index is met during \n","        transform it is transformed to a 0\n","    \"\"\"\n","    def __init__(self, maxlen=500):\n","        self.maxlen = maxlen\n","        self.max_index = None\n","        \n","    def fit(self, X, y=None):\n","        self.max_index = pad_sequences(X, maxlen=self.maxlen).max()\n","        return self\n","    \n","    def transform(self, X, y=None):\n","        X = pad_sequences(X, maxlen=self.maxlen)\n","        X[X > self.max_index] = 0\n","        return X\n","\n","padder = Padder(maxlen)"],"execution_count":null,"outputs":[]},{"cell_type":"code","metadata":{"id":"EKEbPaQtBp81","colab_type":"code","colab":{"base_uri":"https://localhost:8080/","height":425},"executionInfo":{"status":"ok","timestamp":1588171660368,"user_tz":-330,"elapsed":729,"user":{"displayName":"JAY SHAH","photoUrl":"","userId":"13504679010207240037"}},"outputId":"c177df65-2906-4760-f691-860c38444714"},"source":["object = Padder(2)\n","object.fit(a)\n","object.transform(a)"],"execution_count":null,"outputs":[{"output_type":"execute_result","data":{"text/plain":["array([[ 0,  8],\n","       [ 0,  2],\n","       [ 0,  1],\n","       [ 0,  3],\n","       [ 0,  0],\n","       [ 0,  4],\n","       [ 0,  5],\n","       [ 0,  9],\n","       [ 0,  0],\n","       [ 0,  1],\n","       [ 0,  3],\n","       [ 0,  6],\n","       [ 0,  1],\n","       [ 0, 10],\n","       [ 0,  0],\n","       [ 0,  6],\n","       [ 0,  2],\n","       [ 0,  1],\n","       [ 0,  0],\n","       [ 0, 11],\n","       [ 0,  5],\n","       [ 0,  7],\n","       [ 0,  7],\n","       [ 0,  4]], dtype=int32)"]},"metadata":{"tags":[]},"execution_count":12}]},{"cell_type":"code","metadata":{"id":"ruipwKIr0DUE","colab_type":"code","colab":{"base_uri":"https://localhost:8080/","height":615},"executionInfo":{"status":"ok","timestamp":1592055689422,"user_tz":-330,"elapsed":19020,"user":{"displayName":"JAY SHAH","photoUrl":"","userId":"13504679010207240037"}},"outputId":"43304436-ad70-4612-e1f0-f4f419a8ddc0"},"source":["import numpy as np\n","from keras.models import Sequential\n","from keras.layers import Dense, Embedding, Bidirectional, CuDNNLSTM, Dropout\n","from keras.wrappers.scikit_learn import KerasClassifier\n","from sklearn.pipeline import make_pipeline\n","\n","batch_size = 64\n","max_features = vocab_size + 1\n","\n","def create_model(max_features):\n","    \"\"\" Model creation function: returns a compiled Bidirectional LSTM\"\"\"\n","    model = Sequential()\n","    model.add(Embedding(max_features, 128))\n","    model.add(Dropout(rate=0.25))\n","    model.add(CuDNNLSTM(128,return_sequences=True))\n","    model.add(Dropout(rate=0.25))\n","    \n","    model.add(CuDNNLSTM(128,return_sequences=True))\n","    model.add(Dropout(rate=0.25))\n","    \n","    model.add(CuDNNLSTM(128))\n","    model.add(Dropout(rate=0.25))\n","    model.add(Dense(1, activation='sigmoid'))\n","    #model.add(Dropout(rate=0.25))\n","    model.compile('adam', 'binary_crossentropy', metrics=['accuracy'])\n","    return model\n","\n","# Use Keras Scikit-learn wrapper to instantiate a LSTM with all methods\n","# required by Scikit-learn for the last step of a Pipeline\n","sklearn_lstm = KerasClassifier(build_fn=create_model, epochs=10, batch_size=batch_size, \n","                               max_features=max_features, verbose=True)\n","\n","\n","\n"," \n","\n","# Build the Scikit-learn pipeline\n","pipeline = make_pipeline(sequencer, padder, sklearn_lstm)\n","\n","pipeline.fit(texts_train, y_train)\n","\n"],"execution_count":null,"outputs":[{"output_type":"stream","text":["WARNING:tensorflow:From /usr/local/lib/python3.6/dist-packages/tensorflow_core/python/ops/resource_variable_ops.py:1630: calling BaseResourceVariable.__init__ (from tensorflow.python.ops.resource_variable_ops) with constraint is deprecated and will be removed in a future version.\n","Instructions for updating:\n","If using Keras pass *_constraint arguments to layers.\n","WARNING:tensorflow:From /usr/local/lib/python3.6/dist-packages/tensorflow_core/python/ops/nn_impl.py:183: where (from tensorflow.python.ops.array_ops) is deprecated and will be removed in a future version.\n","Instructions for updating:\n","Use tf.where in 2.0, which has the same broadcast rule as np.where\n","WARNING:tensorflow:From /usr/local/lib/python3.6/dist-packages/keras/backend/tensorflow_backend.py:422: The name tf.global_variables is deprecated. Please use tf.compat.v1.global_variables instead.\n","\n","Epoch 1/10\n","1280/1280 [==============================] - 7s 5ms/step - loss: 0.6930 - accuracy: 0.5125\n","Epoch 2/10\n","1280/1280 [==============================] - 1s 586us/step - loss: 0.6231 - accuracy: 0.6609\n","Epoch 3/10\n","1280/1280 [==============================] - 1s 597us/step - loss: 0.4535 - accuracy: 0.8227\n","Epoch 4/10\n","1280/1280 [==============================] - 1s 601us/step - loss: 0.2472 - accuracy: 0.9078\n","Epoch 5/10\n","1280/1280 [==============================] - 1s 607us/step - loss: 0.1006 - accuracy: 0.9672\n","Epoch 6/10\n","1280/1280 [==============================] - 1s 610us/step - loss: 0.0325 - accuracy: 0.9891\n","Epoch 7/10\n","1280/1280 [==============================] - 1s 612us/step - loss: 0.0264 - accuracy: 0.9953\n","Epoch 8/10\n","1280/1280 [==============================] - 1s 609us/step - loss: 0.0091 - accuracy: 0.9969\n","Epoch 9/10\n","1280/1280 [==============================] - 1s 605us/step - loss: 0.0041 - accuracy: 0.9992\n","Epoch 10/10\n","1280/1280 [==============================] - 1s 604us/step - loss: 0.0103 - accuracy: 0.9969\n"],"name":"stdout"},{"output_type":"execute_result","data":{"text/plain":["Pipeline(memory=None,\n","         steps=[('textstosequences', TextsToSequences()),\n","                ('padder', Padder(maxlen=200)),\n","                ('kerasclassifier',\n","                 <keras.wrappers.scikit_learn.KerasClassifier object at 0x7f95acd9d080>)],\n","         verbose=False)"]},"metadata":{"tags":[]},"execution_count":16}]},{"cell_type":"code","metadata":{"id":"Es4ow24F0rEe","colab_type":"code","colab":{"base_uri":"https://localhost:8080/","height":68},"executionInfo":{"status":"ok","timestamp":1592055696616,"user_tz":-330,"elapsed":973,"user":{"displayName":"JAY SHAH","photoUrl":"","userId":"13504679010207240037"}},"outputId":"47b14df4-18c4-4032-dfc6-29dfac6337df"},"source":["from sklearn import metrics\n","print('Computing predictions on test set...')\n","y_preds = pipeline.predict(texts_test)\n","\n","c=0\n","d=0\n","for i in range(320):\n","  if(y_preds[i]==0):\n","    c = c+1\n","  else:\n","    d = d+1 \n","\n","# print(c)   \n","# print(d) \n","#print(y_test)\n","#print(y_preds)\n","\n","#df3 = y_preds\n","#print(df3)\n","\n","\n","#np.savetxt('lstm.csv',df3, fmt= '%d')\n","\n","print('Test accuracy: {:.2f} %'.format(100*metrics.accuracy_score(y_preds, y_test)))"],"execution_count":null,"outputs":[{"output_type":"stream","text":["Computing predictions on test set...\n","320/320 [==============================] - 0s 604us/step\n","Test accuracy: 78.44 %\n"],"name":"stdout"}]},{"cell_type":"code","metadata":{"id":"in_rbTRhxFiQ","colab_type":"code","colab":{}},"source":["pipeline.summary()"],"execution_count":null,"outputs":[]},{"cell_type":"code","metadata":{"id":"zypIUJmPLag0","colab_type":"code","colab":{"base_uri":"https://localhost:8080/","height":34},"executionInfo":{"status":"ok","timestamp":1592055809346,"user_tz":-330,"elapsed":1375,"user":{"displayName":"JAY SHAH","photoUrl":"","userId":"13504679010207240037"}},"outputId":"cbffb855-7726-4896-bf47-7efc80ae4386"},"source":["from sklearn import metrics\n","\n","y_preds = pipeline.predict(train_x)\n","\n","\n","# c=0\n","# d=0\n","# for i in range(320):\n","#   if(y_preds[i]==0):\n","#     c = c+1\n","#   else:\n","#     d = d+1 \n","\n","df3 = y_preds\n","\n","np.savetxt('lstm.csv',df3, fmt = '%d')\n","\n","#print('Test accuracy: {:.2f} %'.format(100*metrics.accuracy_score(y_preds, labels)))"],"execution_count":null,"outputs":[{"output_type":"stream","text":["1600/1600 [==============================] - 0s 226us/step\n"],"name":"stdout"}]}]}